PLINK v1.90b6.10 64-bit (17 Jun 2019)
Options in effect:
  --bfile hgdp_data
  --keep hgdp_popu
  --make-bed
  --out hgdp_v1

Hostname: ahl02
Working directory: /panfs/jay/groups/9/gdc/tran1327/SMILES_original/Working/Step8_PCA
Start time: Thu Oct 26 06:59:57 2023

Random number seed: 1698321597
515514 MB RAM detected; reserving 257757 MB for main workspace.
64165858 variants loaded from .bim file.
929 people (612 males, 317 females) loaded from .fam.
929 phenotype values loaded from .fam.
--keep: 740 people remaining.
Using 1 thread (no multithreaded calculations invoked).
Before main variant filters, 740 founders and 0 nonfounders present.
Calculating allele frequencies... done.
Total genotyping rate in remaining samples is 0.957852.
64165858 variants and 740 people pass filters and QC.
Phenotype data is quantitative.
--make-bed to hgdp_v1.bed + hgdp_v1.bim + hgdp_v1.fam ... done.

End time: Thu Oct 26 07:02:16 2023
