PLINK v1.90b6.10 64-bit (17 Jun 2019)
Options in effect:
  --bfile Step7_temp1
  --extract ../Step6_Heterozygosity/indepSNP.prune.in
  --genome
  --min 0.2
  --out pihat_min0.2_in_founders

Hostname: ahl02
Working directory: /panfs/jay/groups/9/gdc/tran1327/SMILES_original/Working/Step7_Relatedness
Start time: Thu Oct 26 05:24:15 2023

Random number seed: 1698315855
515514 MB RAM detected; reserving 257757 MB for main workspace.
451085 variants loaded from .bim file.
2324 people (1288 males, 1036 females) loaded from .fam.
2261 phenotype values loaded from .fam.
--extract: 202684 variants remaining.
Using up to 255 threads (change this with --threads).
Before main variant filters, 2324 founders and 0 nonfounders present.
Calculating allele frequencies... done.
Total genotyping rate is 0.997896.
202684 variants and 2324 people pass filters and QC.
Among remaining phenotypes, 737 are cases and 1524 are controls.  (63
phenotypes are missing.)
IBD calculations complete.
Finished writing pihat_min0.2_in_founders.genome .

End time: Thu Oct 26 05:25:20 2023
