PLINK v1.90b6.10 64-bit (17 Jun 2019)
Options in effect:
  --bfile ../Step5_HWE/SMILES_done_HWE
  --extract indepSNP.prune.in
  --het
  --out pruned_data

Hostname: ahl02
Working directory: /panfs/jay/groups/9/gdc/tran1327/SMILES_original/Working/Step6_Heterozygosity
Start time: Thu Oct 26 05:02:37 2023

Random number seed: 1698314557
515514 MB RAM detected; reserving 257757 MB for main workspace.
451085 variants loaded from .bim file.
2386 people (1333 males, 1053 females) loaded from .fam.
2323 phenotype values loaded from .fam.
--extract: 202684 variants remaining.
Using 1 thread (no multithreaded calculations invoked).
Before main variant filters, 2386 founders and 0 nonfounders present.
Calculating allele frequencies... done.
Total genotyping rate is 0.99791.
202684 variants and 2386 people pass filters and QC.
Among remaining phenotypes, 756 are cases and 1567 are controls.  (63
phenotypes are missing.)
--het: 202684 variants scanned, report written to pruned_data.het .

End time: Thu Oct 26 05:02:38 2023
