PLINK v1.90b6.10 64-bit (17 Jun 2019)
Options in effect:
  --bfile step2_temp2
  --make-bed
  --mind 0.02
  --out SMILES_done_missing

Hostname: ahl02
Working directory: /panfs/jay/groups/9/gdc/tran1327/SMILES_original/Working/Step2_missingness
Start time: Thu Oct 26 02:03:37 2023

Random number seed: 1698303817
515514 MB RAM detected; reserving 257757 MB for main workspace.
604304 variants loaded from .bim file.
2414 people (1291 males, 731 females, 392 ambiguous) loaded from .fam.
Ambiguous sex IDs written to SMILES_done_missing.nosex .
23 people removed due to missing genotype data (--mind).
IDs written to SMILES_done_missing.irem .
Using 1 thread (no multithreaded calculations invoked).
Before main variant filters, 2391 founders and 0 nonfounders present.
Calculating allele frequencies... done.
Warning: 368689 het. haploid genotypes present (see SMILES_done_missing.hh );
many commands treat these as missing.
Warning: Nonmissing nonmale Y chromosome genotype(s) present; many commands
treat these as missing.
Total genotyping rate in remaining samples is 0.997932.
604304 variants and 2391 people pass filters and QC.
Note: No phenotypes present.
--make-bed to SMILES_done_missing.bed + SMILES_done_missing.bim +
SMILES_done_missing.fam ... done.

End time: Thu Oct 26 02:03:39 2023
