PLINK v1.90b6.10 64-bit (17 Jun 2019)
Options in effect:
  --bfile ../Step3_check_gender/SMILES_done_gender
  --maf 0.01
  --make-bed
  --out SMILES_done_MAF

Hostname: ahl02
Working directory: /panfs/jay/groups/9/gdc/tran1327/SMILES_original/Working/Step4_MAF
Start time: Thu Oct 26 03:03:17 2023

Random number seed: 1698307397
515514 MB RAM detected; reserving 257757 MB for main workspace.
604304 variants loaded from .bim file.
2386 people (1333 males, 1053 females) loaded from .fam.
Using 1 thread (no multithreaded calculations invoked).
Before main variant filters, 2386 founders and 0 nonfounders present.
Calculating allele frequencies... done.
Warning: 372619 het. haploid genotypes present (see SMILES_done_MAF.hh ); many
commands treat these as missing.
Warning: Nonmissing nonmale Y chromosome genotype(s) present; many commands
treat these as missing.
Total genotyping rate is 0.997927.
136582 variants removed due to minor allele threshold(s)
(--maf/--max-maf/--mac/--max-mac).
467722 variants and 2386 people pass filters and QC.
Note: No phenotypes present.
--make-bed to SMILES_done_MAF.bed + SMILES_done_MAF.bim + SMILES_done_MAF.fam
... done.

End time: Thu Oct 26 03:03:19 2023
