PLINK v1.90b6.10 64-bit (17 Jun 2019)
Options in effect:
  --bfile temp
  --make-bed
  --not-chr 23
  --out SMILES_done_MAFr

Hostname: ahl02
Working directory: /panfs/jay/groups/9/gdc/tran1327/SMILES_original/Working/Step4_MAF
Start time: Thu Oct 26 04:45:42 2023

Random number seed: 1698313542
515514 MB RAM detected; reserving 257757 MB for main workspace.
452426 out of 466451 variants loaded from .bim file.
2386 people (1333 males, 1053 females) loaded from .fam.
Using 1 thread (no multithreaded calculations invoked).
Before main variant filters, 2386 founders and 0 nonfounders present.
Calculating allele frequencies... done.
Total genotyping rate is 0.997884.
452426 variants and 2386 people pass filters and QC.
Note: No phenotypes present.
--make-bed to SMILES_done_MAFr.bed + SMILES_done_MAFr.bim +
SMILES_done_MAFr.fam ... done.

End time: Thu Oct 26 04:45:43 2023
