PLINK v1.90b6.10 64-bit (17 Jun 2019)
Options in effect:
  --bfile Step5_temp
  --hwe 1e-10
  --hwe-all
  --make-bed
  --out SMILES_done_HWE

Hostname: ahl02
Working directory: /panfs/jay/groups/9/gdc/tran1327/SMILES_original/Working/Step5_HWE
Start time: Thu Oct 26 04:47:25 2023

Note: --hwe-all flag deprecated.  Use "--hwe include-nonctrl".
Random number seed: 1698313645
515514 MB RAM detected; reserving 257757 MB for main workspace.
451522 variants loaded from .bim file.
2386 people (1333 males, 1053 females) loaded from .fam.
2323 phenotype values loaded from .fam.
Using 1 thread (no multithreaded calculations invoked).
Before main variant filters, 2386 founders and 0 nonfounders present.
Calculating allele frequencies... done.
Total genotyping rate is 0.997892.
--hwe: 437 variants removed due to Hardy-Weinberg exact test.
451085 variants and 2386 people pass filters and QC.
Among remaining phenotypes, 756 are cases and 1567 are controls.  (63
phenotypes are missing.)
--make-bed to SMILES_done_HWE.bed + SMILES_done_HWE.bim + SMILES_done_HWE.fam
... done.

End time: Thu Oct 26 04:47:26 2023
