PLINK v1.90b6.10 64-bit (17 Jun 2019)
Options in effect:
  --bfile ../Step4_MAF/SMILES_done_MAFr
  --make-bed
  --mpheno 4
  --out SMILES_pheno_updated
  --pheno ../SMILES_GSA.fam

Hostname: ahl02
Working directory: /panfs/jay/groups/9/gdc/tran1327/SMILES_original/Working/Step5_HWE
Start time: Thu Oct 26 04:46:46 2023

Random number seed: 1698313606
515514 MB RAM detected; reserving 257757 MB for main workspace.
452426 variants loaded from .bim file.
2386 people (1333 males, 1053 females) loaded from .fam.
2323 phenotype values present after --pheno.
Using 1 thread (no multithreaded calculations invoked).
Before main variant filters, 2386 founders and 0 nonfounders present.
Calculating allele frequencies... done.
Total genotyping rate is 0.997884.
452426 variants and 2386 people pass filters and QC.
Among remaining phenotypes, 756 are cases and 1567 are controls.  (63
phenotypes are missing.)
--make-bed to SMILES_pheno_updated.bed + SMILES_pheno_updated.bim +
SMILES_pheno_updated.fam ... done.

End time: Thu Oct 26 04:46:48 2023
