PLINK v1.90b6.10 64-bit (17 Jun 2019)
Options in effect:
  --bfile step3_temp
  --make-bed
  --out SMILES_done_gender
  --update-sex ../gender_update

Hostname: ahl02
Working directory: /panfs/jay/groups/9/gdc/tran1327/SMILES_original/Working/Step3_check_gender
Start time: Thu Oct 26 02:56:45 2023

Random number seed: 1698307005
515514 MB RAM detected; reserving 257757 MB for main workspace.
604304 variants loaded from .bim file.
2386 people (1288 males, 729 females, 369 ambiguous) loaded from .fam.
Ambiguous sex IDs written to SMILES_done_gender.nosex .
--update-sex: 369 people updated.
Using 1 thread (no multithreaded calculations invoked).
Before main variant filters, 2386 founders and 0 nonfounders present.
Calculating allele frequencies... done.
Warning: 372619 het. haploid genotypes present (see SMILES_done_gender.hh );
many commands treat these as missing.
Warning: Nonmissing nonmale Y chromosome genotype(s) present; many commands
treat these as missing.
Total genotyping rate is 0.997927.
604304 variants and 2386 people pass filters and QC.
Note: No phenotypes present.
--make-bed to SMILES_done_gender.bed + SMILES_done_gender.bim +
SMILES_done_gender.fam ... done.

End time: Thu Oct 26 02:56:48 2023
