PLINK v1.90b6.10 64-bit (17 Jun 2019)
Options in effect:
  --bfile ../Step6_Heterozygosity/SMILES_done_het
  --filter-founders
  --make-bed
  --out Step7_temp1

Hostname: ahl02
Working directory: /panfs/jay/groups/9/gdc/tran1327/SMILES_original/Working/Step7_Relatedness
Start time: Thu Oct 26 05:20:33 2023

Random number seed: 1698315633
515514 MB RAM detected; reserving 257757 MB for main workspace.
451085 variants loaded from .bim file.
2324 people (1288 males, 1036 females) loaded from .fam.
2261 phenotype values loaded from .fam.
0 people removed due to founder status (--filter-founders).
Using 1 thread (no multithreaded calculations invoked).
Before main variant filters, 2324 founders and 0 nonfounders present.
Calculating allele frequencies... done.
Total genotyping rate is 0.997879.
451085 variants and 2324 people pass filters and QC.
Among remaining phenotypes, 737 are cases and 1524 are controls.  (63
phenotypes are missing.)
--make-bed to Step7_temp1.bed + Step7_temp1.bim + Step7_temp1.fam ... done.

End time: Thu Oct 26 05:20:35 2023
