PLINK v1.90b6.10 64-bit (17 Jun 2019)
Options in effect:
  --bfile ../Step2_missingness/SMILES_done_missing
  --make-bed
  --out step3_temp
  --remove ../gender_mismatch

Hostname: ahl02
Working directory: /panfs/jay/groups/9/gdc/tran1327/SMILES_original/Working/Step3_check_gender
Start time: Thu Oct 26 02:56:16 2023

Random number seed: 1698306976
515514 MB RAM detected; reserving 257757 MB for main workspace.
604304 variants loaded from .bim file.
2391 people (1290 males, 730 females, 371 ambiguous) loaded from .fam.
Ambiguous sex IDs written to step3_temp.nosex .
--remove: 2386 people remaining.
Using 1 thread (no multithreaded calculations invoked).
Before main variant filters, 2386 founders and 0 nonfounders present.
Calculating allele frequencies... done.
Warning: 359900 het. haploid genotypes present (see step3_temp.hh ); many
commands treat these as missing.
Warning: Nonmissing nonmale Y chromosome genotype(s) present; many commands
treat these as missing.
Total genotyping rate in remaining samples is 0.997933.
604304 variants and 2386 people pass filters and QC.
Note: No phenotypes present.
--make-bed to step3_temp.bed + step3_temp.bim + step3_temp.fam ... done.

End time: Thu Oct 26 02:56:17 2023
