PLINK v1.90b6.10 64-bit (17 Jun 2019)
Options in effect:
  --bfile SMILES_pheno_updated
  --hwe 1e-6
  --make-bed
  --out Step5_temp

Hostname: ahl02
Working directory: /panfs/jay/groups/9/gdc/tran1327/SMILES_original/Working/Step5_HWE
Start time: Thu Oct 26 04:47:06 2023

Random number seed: 1698313626
515514 MB RAM detected; reserving 257757 MB for main workspace.
452426 variants loaded from .bim file.
2386 people (1333 males, 1053 females) loaded from .fam.
2323 phenotype values loaded from .fam.
Using 1 thread (no multithreaded calculations invoked).
Before main variant filters, 2386 founders and 0 nonfounders present.
Calculating allele frequencies... done.
Total genotyping rate is 0.997884.
--hwe: 904 variants removed due to Hardy-Weinberg exact test.
451522 variants and 2386 people pass filters and QC.
Among remaining phenotypes, 756 are cases and 1567 are controls.  (63
phenotypes are missing.)
--make-bed to Step5_temp.bed + Step5_temp.bim + Step5_temp.fam ... done.

End time: Thu Oct 26 04:47:07 2023
