PLINK v1.90b6.10 64-bit (17 Jun 2019)
Options in effect:
  --bfile SMILES_done_MAF
  --make-bed
  --not-chr 24
  --out temp

Hostname: ahl02
Working directory: /panfs/jay/groups/9/gdc/tran1327/SMILES_original/Working/Step4_MAF
Start time: Thu Oct 26 04:45:15 2023

Random number seed: 1698313515
515514 MB RAM detected; reserving 257757 MB for main workspace.
466451 out of 467722 variants loaded from .bim file.
2386 people (1333 males, 1053 females) loaded from .fam.
Using 1 thread (no multithreaded calculations invoked).
Before main variant filters, 2386 founders and 0 nonfounders present.
Calculating allele frequencies... done.
Warning: 263731 het. haploid genotypes present (see temp.hh ); many commands
treat these as missing.
Total genotyping rate is 0.997818.
466451 variants and 2386 people pass filters and QC.
Note: No phenotypes present.
--make-bed to temp.bed + temp.bim + temp.fam ... done.

End time: Thu Oct 26 04:45:17 2023
