PLINK v1.90b7 64-bit (16 Jan 2023)
Options in effect:
  --bfile wgas2
  --geno 0.05
  --hwe 1e-3
  --maf 0.01
  --make-bed
  --mind 0.05
  --out wgas3

Hostname: thecoffmans
Working directory: /home/christian/Research/GDCGenomicsQC/src/QCtutorial
Start time: Mon Oct  9 11:09:59 2023

Random number seed: 1696867799
3820 MB RAM detected; reserving 1910 MB for main workspace.
228694 variants loaded from .bim file.
90 people (45 males, 45 females) loaded from .fam.
90 phenotype values loaded from .fam.
1 person removed due to missing genotype data (--mind).
ID written to wgas3.irem .
Using 1 thread (no multithreaded calculations invoked).
Before main variant filters, 89 founders and 0 nonfounders present.
Calculating allele frequencies... done.
Total genotyping rate in remaining samples is 0.995473.
2728 variants removed due to missing genotype data (--geno).
--hwe: 69 variants removed due to Hardy-Weinberg exact test.
46404 variants removed due to minor allele threshold(s)
(--maf/--max-maf/--mac/--max-mac).
179493 variants and 89 people pass filters and QC.
Among remaining phenotypes, 48 are cases and 41 are controls.
--make-bed to wgas3.bed + wgas3.bim + wgas3.fam ... done.

End time: Mon Oct  9 11:10:00 2023
