PLINK v1.90b7 64-bit (16 Jan 2023)
Options in effect:
  --file wgas1
  --make-bed
  --out wgas2

Hostname: thecoffmans
Working directory: /home/christian/Research/GDCGenomicsQC/src/QCtutorial
Start time: Mon Oct  9 11:09:57 2023

Random number seed: 1696867797
3820 MB RAM detected; reserving 1910 MB for main workspace.
Scanning .ped file... done.
Performing single-pass .bed write (228694 variants, 90 people).
--file: wgas2-temporary.bed + wgas2-temporary.bim + wgas2-temporary.fam
written.
228694 variants loaded from .bim file.
90 people (45 males, 45 females) loaded from .fam.
90 phenotype values loaded from .fam.
Using 1 thread (no multithreaded calculations invoked).
Before main variant filters, 90 founders and 0 nonfounders present.
Calculating allele frequencies... done.
Total genotyping rate is 0.993346.
228694 variants and 90 people pass filters and QC.
Among remaining phenotypes, 49 are cases and 41 are controls.
--make-bed to wgas2.bed + wgas2.bim + wgas2.fam ... done.

End time: Mon Oct  9 11:09:58 2023
