PLINK v1.90b7 64-bit (16 Jan 2023)
Options in effect:
  --bfile data/toySim/toy_GSA_9a
  --make-bed
  --out data/toySim/toy_GSA_10
  --remove 0.2_low_call_rate_pihat.txt

Hostname: thecoffmans
Working directory: /home/christian/Research/GDCGenomicsQC
Start time: Tue Sep 26 12:01:51 2023

Random number seed: 1695747711
3820 MB RAM detected; reserving 1910 MB for main workspace.
74 variants loaded from .bim file.
100 people (0 males, 0 females, 100 ambiguous) loaded from .fam.
Ambiguous sex IDs written to data/toySim/toy_GSA_10.nosex .
--remove: 1 person remaining.
Using 1 thread (no multithreaded calculations invoked).
Before main variant filters, 1 founder and 0 nonfounders present.
Calculating allele frequencies... done.
Total genotyping rate in remaining samples is exactly 1.
74 variants and 1 person pass filters and QC.
Note: No phenotypes present.
--make-bed to data/toySim/toy_GSA_10.bed + data/toySim/toy_GSA_10.bim +
data/toySim/toy_GSA_10.fam ... done.

End time: Tue Sep 26 12:01:51 2023
