PLINK v1.90b7 64-bit (16 Jan 2023)
Options in effect:
  --bfile data/toySim/toy_GSA_8
  --filter-founders
  --make-bed
  --out data/toySim/toy_GSA_9a

Hostname: thecoffmans
Working directory: /home/christian/Research/GDCGenomicsQC
Start time: Tue Sep 26 12:01:51 2023

Random number seed: 1695747711
3820 MB RAM detected; reserving 1910 MB for main workspace.
74 variants loaded from .bim file.
100 people (0 males, 0 females, 100 ambiguous) loaded from .fam.
Ambiguous sex IDs written to data/toySim/toy_GSA_9a.nosex .
0 people removed due to founder status (--filter-founders).
Using 1 thread (no multithreaded calculations invoked).
Before main variant filters, 100 founders and 0 nonfounders present.
Calculating allele frequencies... done.
Total genotyping rate is exactly 1.
74 variants and 100 people pass filters and QC.
Note: No phenotypes present.
--make-bed to data/toySim/toy_GSA_9a.bed + data/toySim/toy_GSA_9a.bim +
data/toySim/toy_GSA_9a.fam ... done.

End time: Tue Sep 26 12:01:51 2023
