PLINK v1.90b7 64-bit (16 Jan 2023)
Options in effect:
  --bfile data/toySim/toy_GSA_6
  --hwe 1e-6
  --make-bed
  --out data/toySim/toy_GSA_7a

Hostname: thecoffmans
Working directory: /home/christian/Research/GDCGenomicsQC
Start time: Tue Sep 26 12:01:51 2023

Random number seed: 1695747711
3820 MB RAM detected; reserving 1910 MB for main workspace.
92 variants loaded from .bim file.
100 people (0 males, 0 females, 100 ambiguous) loaded from .fam.
Ambiguous sex IDs written to data/toySim/toy_GSA_7a.nosex .
Using 1 thread (no multithreaded calculations invoked).
Before main variant filters, 100 founders and 0 nonfounders present.
Calculating allele frequencies... done.
Total genotyping rate is exactly 1.
--hwe: 18 variants removed due to Hardy-Weinberg exact test.
74 variants and 100 people pass filters and QC.
Note: No phenotypes present.
--make-bed to data/toySim/toy_GSA_7a.bed + data/toySim/toy_GSA_7a.bim +
data/toySim/toy_GSA_7a.fam ... done.

End time: Tue Sep 26 12:01:51 2023
